<?xml version="1.0" encoding="UTF-8"?>
<!-- Generated by org.testng.reporters.JUnitReportReporter -->
<testsuite hostname="DESKTOP-B4F1N8E" failures="0" tests="1" name="com.zoomev.contactpage.ContactPage" time="8.243" errors="0" timestamp="2021-03-07T21:18:08 CET" skipped="0">
  <testcase classname="com.zoomev.contactpage.ContactPage" name="validation" time="8.243"/>
  <system-out/>
</testsuite> <!-- com.zoomev.contactpage.ContactPage -->
