<?xml version="1.0" encoding="UTF-8"?>
<!-- Generated by org.testng.reporters.JUnitReportReporter -->
<testsuite hostname="DESKTOP-B4F1N8E" failures="0" tests="1" name="com.zoomev.contactpage.SendingForm" time="8.062" errors="0" timestamp="2021-03-07T22:04:55 CET" skipped="0">
  <testcase classname="com.zoomev.contactpage.SendingForm" name="correctForm" time="8.062"/>
  <system-out/>
</testsuite> <!-- com.zoomev.contactpage.SendingForm -->
