<?xml version="1.0" encoding="UTF-8"?>
<!-- Generated by org.testng.reporters.JUnitReportReporter -->
<testsuite hostname="DESKTOP-B4F1N8E" failures="0" tests="1" name="com.zoomev.HomepageRedirectionTests" time="8.764" errors="0" timestamp="2021-01-25T12:46:53 CET" skipped="0">
  <testcase classname="com.zoomev.HomepageRedirectionTests" name="redirectionsHomepageFooterToLend" time="8.764"/>
  <system-out/>
</testsuite> <!-- com.zoomev.HomepageRedirectionTests -->
