<?xml version="1.0" encoding="UTF-8"?>
<!-- Generated by org.testng.reporters.JUnitReportReporter -->
<testsuite hostname="DESKTOP-B4F1N8E" failures="0" tests="4" name="com.zoomev.RentRedirectionTests" time="47.704" errors="0" timestamp="2021-01-25T11:08:49 CET" skipped="0">
  <testcase classname="com.zoomev.RentRedirectionTests" name="redirectionsRentToHomepage" time="8.112"/>
  <system-out/>
  <testcase classname="com.zoomev.RentRedirectionTests" name="redirectionsRentToAboutUs" time="21.678"/>
  <system-out/>
  <testcase classname="com.zoomev.RentRedirectionTests" name="redirectionsRentToLend" time="8.854"/>
  <system-out/>
  <testcase classname="com.zoomev.RentRedirectionTests" name="redirectionsRentToBenefits" time="9.060"/>
  <system-out/>
</testsuite> <!-- com.zoomev.RentRedirectionTests -->
