<?xml version="1.0" encoding="UTF-8"?>
<!-- Generated by org.testng.reporters.JUnitReportReporter -->
<testsuite hostname="DESKTOP-B4F1N8E" failures="0" tests="1" name="com.zoomev.BenefitsRedirectionTests" time="21.102" errors="0" timestamp="2021-02-09T23:34:26 CET" skipped="0">
  <testcase classname="com.zoomev.BenefitsRedirectionTests" name="BenefitsRedirection" time="21.102"/>
  <system-out/>
</testsuite> <!-- com.zoomev.BenefitsRedirectionTests -->
