<?xml version="1.0" encoding="UTF-8"?>
<!-- Generated by org.testng.reporters.JUnitReportReporter -->
<testsuite hostname="DESKTOP-B4F1N8E" failures="0" tests="4" name="com.zoomev.RedirectionTests" time="32.435" errors="0" timestamp="2021-01-22T16:58:55 CET" skipped="0">
  <testcase classname="com.zoomev.RedirectionTests" name="redirectionsHomepageToLend" time="7.961"/>
  <system-out/>
  <testcase classname="com.zoomev.RedirectionTests" name="redirectionsHomepageToAboutUs" time="8.448"/>
  <system-out/>
  <testcase classname="com.zoomev.RedirectionTests" name="redirectionsHomepageToRent" time="7.991"/>
  <system-out/>
  <testcase classname="com.zoomev.RedirectionTests" name="redirectionsHomepageToBenefits" time="8.035"/>
  <system-out/>
</testsuite> <!-- com.zoomev.RedirectionTests -->
