<?xml version="1.0" encoding="UTF-8"?>
<!-- Generated by org.testng.reporters.JUnitReportReporter -->
<testsuite hostname="DESKTOP-B4F1N8E" failures="0" tests="4" name="com.zoomev.BenefitsRedirectionTests" time="35.882" errors="0" timestamp="2021-02-12T21:46:50 CET" skipped="0">
  <testcase classname="com.zoomev.BenefitsRedirectionTests" name="BenefitsRedirection" time="9.175"/>
  <system-out/>
  <testcase classname="com.zoomev.BenefitsRedirectionTests" name="BenefitsRedirection" time="8.283"/>
  <system-out/>
  <testcase classname="com.zoomev.BenefitsRedirectionTests" name="BenefitsRedirection" time="9.263"/>
  <system-out/>
  <testcase classname="com.zoomev.BenefitsRedirectionTests" name="BenefitsRedirection" time="9.161"/>
  <system-out/>
</testsuite> <!-- com.zoomev.BenefitsRedirectionTests -->
